<?xml version="1.0" encoding="UTF-8"?>
<!-- Generated by org.testng.reporters.JUnitReportReporter -->
<testsuite hostname="APH10187" failures="0" tests="1" name="com.solera.ebay.runtestcases.RunTestCases" time="24.241" errors="0" timestamp="2023-06-25T18:40:18 IST" skipped="0">
  <testcase classname="com.solera.ebay.runtestcases.RunTestCases" name="addToCartTest" time="24.241"/>
</testsuite> <!-- com.solera.ebay.runtestcases.RunTestCases -->
