<?xml version="1.0" encoding="UTF-8"?>
<!-- Generated by org.testng.reporters.JUnitReportReporter -->
<testsuite hostname="c3f94b2e56295fa" failures="0" tests="1" name="com.amdocs.mystore.ebay.testcases.LoginPageTest" time="3.105" errors="0" timestamp="2023-07-20T16:45:53 IST" skipped="0">
  <testcase classname="com.amdocs.mystore.ebay.testcases.LoginPageTest" name="loginTest" time="3.105"/>
</testsuite> <!-- com.amdocs.mystore.ebay.testcases.LoginPageTest -->
