<?xml version="1.0" encoding="UTF-8"?>
<!-- Generated by org.testng.reporters.JUnitReportReporter -->
<testsuite hostname="c3f94b2e56295fa" failures="0" tests="2" name="com.amdocs.mystore.ebay.testcases.IndexPageTest" time="7.897" errors="0" timestamp="2023-07-20T12:16:31 IST" skipped="0">
  <testcase classname="com.amdocs.mystore.ebay.testcases.IndexPageTest" name="verifyTitle" time="3.376"/>
  <testcase classname="com.amdocs.mystore.ebay.testcases.IndexPageTest" name="validateLogo" time="4.521"/>
</testsuite> <!-- com.amdocs.mystore.ebay.testcases.IndexPageTest -->
